2024-08-23 19:45:53,167 - logging_demo.py [line:54] - DEBUG - =========程序开始运行==========
2024-08-23 19:45:53,167 - logging_demo.py [line:36] - INFO - Get_data 函数被调用，开始执行
2024-08-23 19:45:53,167 - logging_demo.py [line:51] - INFO - Get_Data 函数执行结束
2024-08-23 19:45:53,167 - logging_demo.py [line:26] - INFO - Show 函数被调用，开始执行
2024-08-23 19:45:53,167 - logging_demo.py [line:28] - INFO - Show 函数执行结束
2024-08-23 19:45:53,167 - logging_demo.py [line:26] - INFO - Show 函数被调用，开始执行
2024-08-23 19:45:53,167 - logging_demo.py [line:28] - INFO - Show 函数执行结束
2024-08-23 19:45:53,167 - logging_demo.py [line:31] - WARNING - Display 函数被调用，开始执行
2024-08-23 19:45:53,167 - logging_demo.py [line:33] - WARNING - Display 函数执行结束
2024-08-23 19:45:53,167 - logging_demo.py [line:36] - INFO - Get_data 函数被调用，开始执行
2024-08-23 19:45:53,167 - logging_demo.py [line:51] - INFO - Get_Data 函数执行结束
2024-08-23 19:45:53,167 - logging_demo.py [line:26] - INFO - Show 函数被调用，开始执行
2024-08-23 19:45:53,167 - logging_demo.py [line:28] - INFO - Show 函数执行结束
2024-08-23 19:45:53,167 - logging_demo.py [line:31] - WARNING - Display 函数被调用，开始执行
2024-08-23 19:45:53,168 - logging_demo.py [line:33] - WARNING - Display 函数执行结束
2024-08-23 19:45:53,168 - logging_demo.py [line:31] - WARNING - Display 函数被调用，开始执行
2024-08-23 19:45:53,168 - logging_demo.py [line:33] - WARNING - Display 函数执行结束
2024-08-23 19:45:53,168 - logging_demo.py [line:31] - WARNING - Display 函数被调用，开始执行
2024-08-23 19:45:53,168 - logging_demo.py [line:33] - WARNING - Display 函数执行结束
2024-08-23 19:45:53,168 - logging_demo.py [line:26] - INFO - Show 函数被调用，开始执行
2024-08-23 19:45:53,168 - logging_demo.py [line:28] - INFO - Show 函数执行结束
2024-08-23 19:45:57,950 - logging_demo.py [line:54] - DEBUG - =========程序开始运行==========
2024-08-23 19:45:57,950 - logging_demo.py [line:31] - WARNING - Display 函数被调用，开始执行
2024-08-23 19:45:57,950 - logging_demo.py [line:33] - WARNING - Display 函数执行结束
2024-08-23 19:45:57,950 - logging_demo.py [line:31] - WARNING - Display 函数被调用，开始执行
2024-08-23 19:45:57,950 - logging_demo.py [line:33] - WARNING - Display 函数执行结束
2024-08-23 19:45:57,950 - logging_demo.py [line:26] - INFO - Show 函数被调用，开始执行
2024-08-23 19:45:57,950 - logging_demo.py [line:28] - INFO - Show 函数执行结束
2024-08-23 19:45:57,950 - logging_demo.py [line:31] - WARNING - Display 函数被调用，开始执行
2024-08-23 19:45:57,950 - logging_demo.py [line:33] - WARNING - Display 函数执行结束
2024-08-23 19:45:57,950 - logging_demo.py [line:31] - WARNING - Display 函数被调用，开始执行
2024-08-23 19:45:57,950 - logging_demo.py [line:33] - WARNING - Display 函数执行结束
2024-08-23 19:45:57,950 - logging_demo.py [line:26] - INFO - Show 函数被调用，开始执行
2024-08-23 19:45:57,950 - logging_demo.py [line:28] - INFO - Show 函数执行结束
2024-08-23 19:45:57,950 - logging_demo.py [line:26] - INFO - Show 函数被调用，开始执行
2024-08-23 19:45:57,950 - logging_demo.py [line:28] - INFO - Show 函数执行结束
2024-08-23 19:45:57,950 - logging_demo.py [line:26] - INFO - Show 函数被调用，开始执行
2024-08-23 19:45:57,950 - logging_demo.py [line:28] - INFO - Show 函数执行结束
2024-08-23 19:45:57,950 - logging_demo.py [line:36] - INFO - Get_data 函数被调用，开始执行
2024-08-23 19:45:57,950 - logging_demo.py [line:51] - INFO - Get_Data 函数执行结束
2024-08-23 19:45:57,950 - logging_demo.py [line:36] - INFO - Get_data 函数被调用，开始执行
2024-08-23 19:45:57,950 - logging_demo.py [line:46] - ERROR - list index out of range
2024-08-23 19:45:57,950 - logging_demo.py [line:51] - INFO - Get_Data 函数执行结束
2024-08-23 19:46:08,371 - logging_demo.py [line:54] - DEBUG - =========程序开始运行==========
2024-08-23 19:46:08,371 - logging_demo.py [line:26] - INFO - Show 函数被调用，开始执行
2024-08-23 19:46:08,371 - logging_demo.py [line:28] - INFO - Show 函数执行结束
2024-08-23 19:46:08,371 - logging_demo.py [line:26] - INFO - Show 函数被调用，开始执行
2024-08-23 19:46:08,371 - logging_demo.py [line:28] - INFO - Show 函数执行结束
2024-08-23 19:46:08,371 - logging_demo.py [line:36] - INFO - Get_data 函数被调用，开始执行
2024-08-23 19:46:08,371 - logging_demo.py [line:51] - INFO - Get_Data 函数执行结束
2024-08-23 19:46:08,371 - logging_demo.py [line:36] - INFO - Get_data 函数被调用，开始执行
2024-08-23 19:46:08,371 - logging_demo.py [line:51] - INFO - Get_Data 函数执行结束
2024-08-23 19:46:08,371 - logging_demo.py [line:31] - WARNING - Display 函数被调用，开始执行
2024-08-23 19:46:08,371 - logging_demo.py [line:33] - WARNING - Display 函数执行结束
2024-08-23 19:46:08,371 - logging_demo.py [line:31] - WARNING - Display 函数被调用，开始执行
2024-08-23 19:46:08,371 - logging_demo.py [line:33] - WARNING - Display 函数执行结束
2024-08-23 19:46:08,371 - logging_demo.py [line:26] - INFO - Show 函数被调用，开始执行
2024-08-23 19:46:08,371 - logging_demo.py [line:28] - INFO - Show 函数执行结束
2024-08-23 19:46:08,371 - logging_demo.py [line:26] - INFO - Show 函数被调用，开始执行
2024-08-23 19:46:08,371 - logging_demo.py [line:28] - INFO - Show 函数执行结束
2024-08-23 19:46:08,371 - logging_demo.py [line:31] - WARNING - Display 函数被调用，开始执行
2024-08-23 19:46:08,371 - logging_demo.py [line:33] - WARNING - Display 函数执行结束
2024-08-23 19:46:08,371 - logging_demo.py [line:36] - INFO - Get_data 函数被调用，开始执行
2024-08-23 19:46:08,371 - logging_demo.py [line:46] - ERROR - list index out of range
2024-08-23 19:46:08,371 - logging_demo.py [line:51] - INFO - Get_Data 函数执行结束
